2024-03-14 17:03:31,461 INFO work1_realworld.py:136  :  cellphone
2024-03-14 17:03:31,464 INFO work1_realworld.py:166  :  alpha = 0.1, beta = 0.1, gamma = 0.1
2024-03-14 17:03:31,994 INFO work1_realworld.py:94  :  [epcho][  0]: loss is 155382.6755
2024-03-14 17:03:32,338 INFO work1_realworld.py:94  :  [epcho][  1]: loss is 111371.4920
2024-03-14 17:03:32,665 INFO work1_realworld.py:94  :  [epcho][  2]: loss is 93295.1252
2024-03-14 17:03:33,002 INFO work1_realworld.py:94  :  [epcho][  3]: loss is 83685.6538
2024-03-14 17:03:33,351 INFO work1_realworld.py:94  :  [epcho][  4]: loss is 77983.0513
2024-03-14 17:03:33,710 INFO work1_realworld.py:94  :  [epcho][  5]: loss is 74722.1933
2024-03-14 17:03:34,050 INFO work1_realworld.py:94  :  [epcho][  6]: loss is 72772.4982
2024-03-14 17:03:34,399 INFO work1_realworld.py:94  :  [epcho][  7]: loss is 72125.0403
2024-03-14 17:03:34,715 INFO work1_realworld.py:94  :  [epcho][  8]: loss is 71781.9544
2024-03-14 17:03:35,069 INFO work1_realworld.py:94  :  [epcho][  9]: loss is 72796.4651
2024-03-14 17:03:35,391 INFO work1_realworld.py:94  :  [epcho][ 10]: loss is 76274.8629
2024-03-14 17:03:35,772 INFO work1_realworld.py:94  :  [epcho][ 11]: loss is 80738.7394
2024-03-14 17:03:36,141 INFO work1_realworld.py:94  :  [epcho][ 12]: loss is 85269.5833
2024-03-14 17:03:36,467 INFO work1_realworld.py:94  :  [epcho][ 13]: loss is 95323.9725
2024-03-14 17:03:36,825 INFO work1_realworld.py:94  :  [epcho][ 14]: loss is 106957.9035
2024-03-14 17:03:37,172 INFO work1_realworld.py:94  :  [epcho][ 15]: loss is 125066.3946
2024-03-14 17:03:37,527 INFO work1_realworld.py:94  :  [epcho][ 16]: loss is 139057.9082
2024-03-14 17:03:37,878 INFO work1_realworld.py:94  :  [epcho][ 17]: loss is 154427.3130
2024-03-14 17:03:38,235 INFO work1_realworld.py:94  :  [epcho][ 18]: loss is 169704.6536
2024-03-14 17:03:38,578 INFO work1_realworld.py:94  :  [epcho][ 19]: loss is 183178.5704
2024-03-14 17:03:38,761 INFO work1_realworld.py:118  :  [[3.68531469 0.28571429 0.         0.         0.46666667 0.
  4.15384615 0.        ]
 [3.55244755 0.23809524 0.         0.         0.13333333 0.
  2.61538462 0.        ]
 [3.36363636 0.0952381  0.         0.         0.33333333 0.
  3.69230769 0.        ]
 [3.62237762 0.42857143 0.         0.         0.26666667 0.
  3.23076923 0.        ]
 [3.76223776 0.14285714 0.         0.         0.2        0.
  4.76923077 0.        ]
 [3.71328671 0.04761905 0.         0.         0.53333333 0.
  3.23076923 0.        ]
 [3.44755245 0.14285714 0.         0.         0.06666667 0.
  1.84615385 0.        ]
 [3.62937063 0.23809524 0.         0.         0.26666667 0.
  2.46153846 0.        ]
 [3.47552448 0.47619048 0.         0.         0.2        0.
  2.92307692 0.        ]
 [3.73426573 0.14285714 0.         0.         0.26666667 0.
  3.53846154 0.        ]]
2024-03-14 17:03:38,763 INFO work1_realworld.py:119  :  [1.0739427239427237, 0.8174075924075925, 0.9355644355644359, 0.9435481185481187, 1.1092907092907092, 0.9406260406260407, 0.6879037629037631, 0.8244588744588746, 0.8843489843489848, 0.9602813852813856]
2024-03-14 17:03:38,766 INFO work1_realworld.py:121  :  [[0.01293093 0.00696864 0.         0.         0.01609195 0.
  0.34615385 0.        ]
 [0.01246473 0.0058072  0.         0.         0.0045977  0.
  0.21794872 0.        ]
 [0.01180223 0.00232288 0.         0.         0.01149425 0.
  0.30769231 0.        ]
 [0.0127101  0.01045296 0.         0.         0.0091954  0.
  0.26923077 0.        ]
 [0.01320083 0.00348432 0.         0.         0.00689655 0.
  0.3974359  0.        ]
 [0.01302908 0.00116144 0.         0.         0.0183908  0.
  0.26923077 0.        ]
 [0.01209668 0.00348432 0.         0.         0.00229885 0.
  0.15384615 0.        ]
 [0.01273463 0.0058072  0.         0.         0.0091954  0.
  0.20512821 0.        ]
 [0.01219482 0.0116144  0.         0.         0.00689655 0.
  0.24358974 0.        ]
 [0.01310269 0.00348432 0.         0.         0.0091954  0.
  0.29487179 0.        ]]
2024-03-14 17:03:38,772 INFO work1_realworld.py:166  :  alpha = 0.1, beta = 0.1, gamma = 1
2024-03-14 17:03:39,325 INFO work1_realworld.py:94  :  [epcho][  0]: loss is 240292.4041
2024-03-14 17:03:39,677 INFO work1_realworld.py:94  :  [epcho][  1]: loss is 196262.8082
2024-03-14 17:03:39,998 INFO work1_realworld.py:94  :  [epcho][  2]: loss is 178192.5176
2024-03-14 17:03:40,314 INFO work1_realworld.py:94  :  [epcho][  3]: loss is 168523.9205
2024-03-14 17:03:40,647 INFO work1_realworld.py:94  :  [epcho][  4]: loss is 162864.6706
2024-03-14 17:03:41,044 INFO work1_realworld.py:94  :  [epcho][  5]: loss is 159341.6470
2024-03-14 17:03:41,376 INFO work1_realworld.py:94  :  [epcho][  6]: loss is 157306.8114
2024-03-14 17:03:41,731 INFO work1_realworld.py:94  :  [epcho][  7]: loss is 156227.4835
2024-03-14 17:03:42,080 INFO work1_realworld.py:94  :  [epcho][  8]: loss is 156819.9403
