2024-03-14 16:50:40,894 INFO work1_realworld.py:157  :  alpha = 0.1, beta = 0.1, gamma = 0.1
2024-03-14 16:50:41,610 INFO work1_realworld.py:92  :  [epcho][  0]: loss is 155382.6755
2024-03-14 16:50:41,949 INFO work1_realworld.py:92  :  [epcho][  1]: loss is 111371.4920
2024-03-14 16:50:42,297 INFO work1_realworld.py:92  :  [epcho][  2]: loss is 93295.1252
2024-03-14 16:50:42,607 INFO work1_realworld.py:92  :  [epcho][  3]: loss is 83685.6538
2024-03-14 16:50:42,946 INFO work1_realworld.py:92  :  [epcho][  4]: loss is 77983.0513
2024-03-14 16:50:43,294 INFO work1_realworld.py:92  :  [epcho][  5]: loss is 74722.1933
2024-03-14 16:50:43,659 INFO work1_realworld.py:92  :  [epcho][  6]: loss is 72772.4982
2024-03-14 16:50:44,033 INFO work1_realworld.py:92  :  [epcho][  7]: loss is 72125.0403
2024-03-14 16:50:44,359 INFO work1_realworld.py:92  :  [epcho][  8]: loss is 71781.9544
2024-03-14 16:50:44,680 INFO work1_realworld.py:92  :  [epcho][  9]: loss is 72796.4651
2024-03-14 16:50:45,031 INFO work1_realworld.py:92  :  [epcho][ 10]: loss is 76274.8629
2024-03-14 16:50:45,363 INFO work1_realworld.py:92  :  [epcho][ 11]: loss is 80738.7394
2024-03-14 16:50:45,724 INFO work1_realworld.py:92  :  [epcho][ 12]: loss is 85269.5833
2024-03-14 16:50:46,076 INFO work1_realworld.py:92  :  [epcho][ 13]: loss is 95323.9725
2024-03-14 16:50:46,427 INFO work1_realworld.py:92  :  [epcho][ 14]: loss is 106957.9035
2024-03-14 16:50:46,757 INFO work1_realworld.py:92  :  [epcho][ 15]: loss is 125066.3946
2024-03-14 16:50:47,118 INFO work1_realworld.py:92  :  [epcho][ 16]: loss is 139057.9082
2024-03-14 16:50:47,461 INFO work1_realworld.py:92  :  [epcho][ 17]: loss is 154427.3130
2024-03-14 16:50:47,820 INFO work1_realworld.py:92  :  [epcho][ 18]: loss is 169704.6536
2024-03-14 16:50:48,161 INFO work1_realworld.py:92  :  [epcho][ 19]: loss is 183178.5704
2024-03-14 16:50:48,540 INFO work1_realworld.py:92  :  [epcho][ 20]: loss is 195877.2406
2024-03-14 16:50:48,882 INFO work1_realworld.py:92  :  [epcho][ 21]: loss is 205226.8503
2024-03-14 16:50:49,238 INFO work1_realworld.py:92  :  [epcho][ 22]: loss is 210309.8082
2024-03-14 16:50:49,597 INFO work1_realworld.py:92  :  [epcho][ 23]: loss is 217188.5851
2024-03-14 16:50:49,956 INFO work1_realworld.py:92  :  [epcho][ 24]: loss is 218049.5889
2024-03-14 16:50:50,279 INFO work1_realworld.py:92  :  [epcho][ 25]: loss is 219215.8821
2024-03-14 16:50:50,620 INFO work1_realworld.py:92  :  [epcho][ 26]: loss is 220980.7155
2024-03-14 16:50:50,989 INFO work1_realworld.py:92  :  [epcho][ 27]: loss is 221101.6234
2024-03-14 16:50:50,989 INFO work1_realworld.py:96  :  The convergence condition meet!!!
2024-03-14 16:50:51,373 INFO work1_realworld.py:118  :  [[0.09425287 0.01204593 0.01846154 0.         0.00731707 0.
  0.         0.         0.85714286 0.        ]
 [0.13563218 0.0110421  0.00615385 0.         0.00609756 0.
  0.         0.         0.66666667 0.        ]
 [0.12643678 0.01050881 0.00923077 0.         0.00243902 0.
  0.         0.         0.61904762 0.        ]
 [0.10344828 0.01141853 0.00615385 0.         0.01097561 0.
  0.         0.         0.57142857 0.        ]
 [0.11034483 0.01160675 0.00923077 0.         0.00365854 0.
  0.         0.         0.85714286 0.        ]
 [0.11954023 0.01235962 0.02153846 0.         0.00121951 0.
  0.         0.         0.61904762 0.        ]
 [0.11954023 0.01063429 0.00307692 0.         0.00365854 0.
  0.         0.         0.38095238 0.        ]
 [0.10344828 0.01091662 0.00615385 0.         0.00609756 0.
  0.         0.         0.66666667 0.        ]
 [0.13103448 0.01063429 0.00615385 0.         0.01219512 0.
  0.         0.         0.61904762 0.        ]
 [0.15402299 0.01101073 0.00615385 0.         0.00365854 0.
  0.         0.         0.66666667 0.        ]]
2024-03-14 16:50:51,380 INFO work1_realworld.py:157  :  alpha = 0.1, beta = 0.1, gamma = 1
2024-03-14 16:50:51,932 INFO work1_realworld.py:92  :  [epcho][  0]: loss is 240292.4041
2024-03-14 16:50:52,260 INFO work1_realworld.py:92  :  [epcho][  1]: loss is 196262.8082
2024-03-14 16:50:52,608 INFO work1_realworld.py:92  :  [epcho][  2]: loss is 178192.5176
2024-03-14 16:50:52,950 INFO work1_realworld.py:92  :  [epcho][  3]: loss is 168523.9205
2024-03-14 16:50:53,291 INFO work1_realworld.py:92  :  [epcho][  4]: loss is 162864.6706
2024-03-14 16:50:53,642 INFO work1_realworld.py:92  :  [epcho][  5]: loss is 159341.6470
2024-03-14 16:50:53,978 INFO work1_realworld.py:92  :  [epcho][  6]: loss is 157306.8114
2024-03-14 16:50:54,338 INFO work1_realworld.py:92  :  [epcho][  7]: loss is 156227.4835
2024-03-14 16:50:54,712 INFO work1_realworld.py:92  :  [epcho][  8]: loss is 156819.9403
2024-03-14 16:50:55,070 INFO work1_realworld.py:92  :  [epcho][  9]: loss is 157927.2831
2024-03-14 16:50:55,429 INFO work1_realworld.py:92  :  [epcho][ 10]: loss is 161301.0641
2024-03-14 16:50:55,771 INFO work1_realworld.py:92  :  [epcho][ 11]: loss is 167683.2154
2024-03-14 16:50:56,127 INFO work1_realworld.py:92  :  [epcho][ 12]: loss is 175638.1646
2024-03-14 16:50:56,463 INFO work1_realworld.py:92  :  [epcho][ 13]: loss is 189801.8908
2024-03-14 16:50:56,800 INFO work1_realworld.py:92  :  [epcho][ 14]: loss is 207838.9783
2024-03-14 16:50:57,170 INFO work1_realworld.py:92  :  [epcho][ 15]: loss is 229566.8754
2024-03-14 16:50:57,549 INFO work1_realworld.py:92  :  [epcho][ 16]: loss is 260402.9495
2024-03-14 16:50:57,911 INFO work1_realworld.py:92  :  [epcho][ 17]: loss is 279597.7412
2024-03-14 16:50:58,248 INFO work1_realworld.py:92  :  [epcho][ 18]: loss is 298868.0619
2024-03-14 16:50:58,617 INFO work1_realworld.py:92  :  [epcho][ 19]: loss is 319339.3482
2024-03-14 16:50:58,954 INFO work1_realworld.py:92  :  [epcho][ 20]: loss is 332749.7000
2024-03-14 16:50:59,297 INFO work1_realworld.py:92  :  [epcho][ 21]: loss is 340790.4793
2024-03-14 16:50:59,647 INFO work1_realworld.py:92  :  [epcho][ 22]: loss is 346102.1067
2024-03-14 16:51:00,012 INFO work1_realworld.py:92  :  [epcho][ 23]: loss is 350832.1578
2024-03-14 16:51:00,359 INFO work1_realworld.py:92  :  [epcho][ 24]: loss is 346921.1189
2024-03-14 16:51:00,708 INFO work1_realworld.py:92  :  [epcho][ 25]: loss is 344584.5020
2024-03-14 16:51:01,078 INFO work1_realworld.py:92  :  [epcho][ 26]: loss is 346889.9434
2024-03-14 16:51:01,412 INFO work1_realworld.py:92  :  [epcho][ 27]: loss is 342588.3166
2024-03-14 16:51:01,735 INFO work1_realworld.py:92  :  [epcho][ 28]: loss is 337337.6556
2024-03-14 16:51:02,055 INFO work1_realworld.py:92  :  [epcho][ 29]: loss is 340884.5927
2024-03-14 16:51:02,408 INFO work1_realworld.py:92  :  [epcho][ 30]: loss is 340553.4126
2024-03-14 16:51:02,408 INFO work1_realworld.py:96  :  The convergence condition meet!!!
2024-03-14 16:51:02,615 INFO work1_realworld.py:118  :  [[0.01046338 0.01846154 0.         0.00731707 0.         0.
  0.00480769 0.34615385 0.         0.        ]
 [0.01058458 0.00615385 0.         0.00609756 0.         0.
  0.00240385 0.21794872 0.         0.        ]
 [0.0093322  0.00923077 0.         0.00243902 0.         0.
  0.00240385 0.30769231 0.         0.        ]
 [0.01151376 0.00615385 0.         0.01097561 0.         0.
  0.00240385 0.26923077 0.         0.        ]
 [0.01102897 0.00923077 0.         0.00365854 0.         0.
  0.00336538 0.3974359  0.         0.        ]
 [0.01135216 0.02153846 0.         0.00121951 0.         0.
  0.00144231 0.26923077 0.         0.        ]
 [0.00977659 0.00307692 0.         0.00365854 0.         0.
  0.00336538 0.15384615 0.         0.        ]
 [0.01022098 0.00615385 0.         0.00609756 0.         0.
  0.00096154 0.20512821 0.         0.        ]
 [0.01143296 0.00615385 0.         0.01219512 0.         0.
  0.00192308 0.24358974 0.         0.        ]
 [0.01131176 0.00615385 0.         0.00365854 0.         0.
  0.00096154 0.29487179 0.         0.        ]]
2024-03-14 16:51:02,630 INFO work1_realworld.py:157  :  alpha = 0.1, beta = 0.1, gamma = 10
2024-03-14 16:51:03,151 INFO work1_realworld.py:92  :  [epcho][  0]: loss is 1089294.5418
2024-03-14 16:51:03,488 INFO work1_realworld.py:92  :  [epcho][  1]: loss is 1045014.6197
2024-03-14 16:51:03,849 INFO work1_realworld.py:92  :  [epcho][  2]: loss is 1026693.9264
2024-03-14 16:51:04,176 INFO work1_realworld.py:92  :  [epcho][  3]: loss is 1016784.5014
2024-03-14 16:51:04,531 INFO work1_realworld.py:92  :  [epcho][  4]: loss is 1010846.6161
2024-03-14 16:51:04,888 INFO work1_realworld.py:92  :  [epcho][  5]: loss is 1007082.8721
2024-03-14 16:51:05,222 INFO work1_realworld.py:92  :  [epcho][  6]: loss is 1004809.7236
2024-03-14 16:51:05,537 INFO work1_realworld.py:92  :  [epcho][  7]: loss is 1003577.6346
2024-03-14 16:51:05,883 INFO work1_realworld.py:92  :  [epcho][  8]: loss is 1003886.3977
2024-03-14 16:51:05,883 INFO work1_realworld.py:96  :  The convergence condition meet!!!
2024-03-14 16:51:06,054 INFO work1_realworld.py:118  :  [[4.89795918e-03 0.00000000e+00 1.28649955e-02 0.00000000e+00
  0.00000000e+00 0.00000000e+00 7.31707317e-03 1.84615385e-02
  0.00000000e+00 8.57142857e-01]
 [3.26530612e-03 0.00000000e+00 1.30209349e-02 0.00000000e+00
  0.00000000e+00 0.00000000e+00 6.09756098e-03 6.15384615e-03
  0.00000000e+00 6.66666667e-01]
 [3.26530612e-03 0.00000000e+00 1.16954505e-02 0.00000000e+00
  0.00000000e+00 0.00000000e+00 2.43902439e-03 9.23076923e-03
  0.00000000e+00 6.19047619e-01]
 [3.26530612e-03 0.00000000e+00 1.27870258e-02 0.00000000e+00
  0.00000000e+00 0.00000000e+00 1.09756098e-02 6.15384615e-03
  0.00000000e+00 5.71428571e-01]
 [4.89795918e-03 0.00000000e+00 1.30599197e-02 0.00000000e+00
  0.00000000e+00 0.00000000e+00 3.65853659e-03 9.23076923e-03
  0.00000000e+00 8.57142857e-01]
 [2.44897959e-03 0.00000000e+00 1.35277377e-02 0.00000000e+00
  0.00000000e+00 0.00000000e+00 1.21951220e-03 2.15384615e-02
  0.00000000e+00 6.19047619e-01]
 [5.71428571e-03 0.00000000e+00 1.18124050e-02 0.00000000e+00
  0.00000000e+00 0.00000000e+00 3.65853659e-03 3.07692308e-03
  0.00000000e+00 3.80952381e-01]
 [8.16326531e-04 0.00000000e+00 1.25141320e-02 0.00000000e+00
  0.00000000e+00 0.00000000e+00 6.09756098e-03 6.15384615e-03
  0.00000000e+00 6.66666667e-01]
 [3.26530612e-03 0.00000000e+00 1.23192078e-02 0.00000000e+00
  0.00000000e+00 0.00000000e+00 1.21951220e-02 6.15384615e-03
  0.00000000e+00 6.19047619e-01]
 [1.63265306e-03 0.00000000e+00 1.38786012e-02 0.00000000e+00
  0.00000000e+00 0.00000000e+00 3.65853659e-03 6.15384615e-03
  0.00000000e+00 6.66666667e-01]]
2024-03-14 16:51:06,062 INFO work1_realworld.py:157  :  alpha = 0.1, beta = 1, gamma = 0.1
2024-03-14 16:51:06,570 INFO work1_realworld.py:92  :  [epcho][  0]: loss is 163265.3415
2024-03-14 16:51:06,907 INFO work1_realworld.py:92  :  [epcho][  1]: loss is 117825.5887
2024-03-14 16:51:07,251 INFO work1_realworld.py:92  :  [epcho][  2]: loss is 98694.6941
2024-03-14 16:51:07,613 INFO work1_realworld.py:92  :  [epcho][  3]: loss is 88207.7291
2024-03-14 16:51:07,933 INFO work1_realworld.py:92  :  [epcho][  4]: loss is 81758.7655
2024-03-14 16:51:08,290 INFO work1_realworld.py:92  :  [epcho][  5]: loss is 77935.3121
2024-03-14 16:51:08,636 INFO work1_realworld.py:92  :  [epcho][  6]: loss is 76015.6240
2024-03-14 16:51:08,975 INFO work1_realworld.py:92  :  [epcho][  7]: loss is 76023.7021
2024-03-14 16:51:08,975 INFO work1_realworld.py:96  :  The convergence condition meet!!!
2024-03-14 16:51:09,142 INFO work1_realworld.py:118  :  [[0.00419287 0.34848485 0.01310616 0.         0.         0.
  0.00731707 0.         0.         0.01846154]
 [0.00279525 0.25757576 0.01331755 0.         0.         0.
  0.00609756 0.         0.         0.00615385]
 [0.00279525 0.34848485 0.01175327 0.         0.         0.
  0.00243902 0.         0.         0.00923077]
 [0.00279525 0.31818182 0.01331755 0.         0.         0.
  0.01097561 0.         0.         0.00615385]
 [0.00419287 0.42424242 0.0136135  0.         0.         0.
  0.00365854 0.         0.         0.00923077]
 [0.00209644 0.25757576 0.01407855 0.         0.         0.
  0.00121951 0.         0.         0.02153846]
 [0.00489168 0.18181818 0.01230288 0.         0.         0.
  0.00365854 0.         0.         0.00307692]
 [0.00069881 0.24242424 0.01289477 0.         0.         0.
  0.00609756 0.         0.         0.00615385]
 [0.00279525 0.27272727 0.01285249 0.         0.         0.
  0.01219512 0.         0.         0.00615385]
 [0.00139762 0.31818182 0.01424766 0.         0.         0.
  0.00365854 0.         0.         0.00615385]]
2024-03-14 16:51:09,156 INFO work1_realworld.py:157  :  alpha = 0.1, beta = 1, gamma = 1
2024-03-14 16:51:09,690 INFO work1_realworld.py:92  :  [epcho][  0]: loss is 248188.2226
2024-03-14 16:51:10,038 INFO work1_realworld.py:92  :  [epcho][  1]: loss is 202743.0849
2024-03-14 16:51:10,379 INFO work1_realworld.py:92  :  [epcho][  2]: loss is 183619.2367
2024-03-14 16:51:10,732 INFO work1_realworld.py:92  :  [epcho][  3]: loss is 173086.3424
2024-03-14 16:51:11,073 INFO work1_realworld.py:92  :  [epcho][  4]: loss is 166646.2961
2024-03-14 16:51:11,435 INFO work1_realworld.py:92  :  [epcho][  5]: loss is 162718.8137
2024-03-14 16:51:11,798 INFO work1_realworld.py:92  :  [epcho][  6]: loss is 160928.8757
2024-03-14 16:51:12,162 INFO work1_realworld.py:92  :  [epcho][  7]: loss is 160587.1186
2024-03-14 16:51:12,538 INFO work1_realworld.py:92  :  [epcho][  8]: loss is 161607.1668
2024-03-14 16:51:12,903 INFO work1_realworld.py:92  :  [epcho][  9]: loss is 164792.0517
2024-03-14 16:51:13,260 INFO work1_realworld.py:92  :  [epcho][ 10]: loss is 171340.9812
2024-03-14 16:51:13,594 INFO work1_realworld.py:92  :  [epcho][ 11]: loss is 182219.1785
2024-03-14 16:51:13,974 INFO work1_realworld.py:92  :  [epcho][ 12]: loss is 197245.5151
2024-03-14 16:51:14,340 INFO work1_realworld.py:92  :  [epcho][ 13]: loss is 209339.4292
2024-03-14 16:51:14,718 INFO work1_realworld.py:92  :  [epcho][ 14]: loss is 221540.4836
2024-03-14 16:51:15,057 INFO work1_realworld.py:92  :  [epcho][ 15]: loss is 242959.8804
2024-03-14 16:51:15,442 INFO work1_realworld.py:92  :  [epcho][ 16]: loss is 257292.6232
2024-03-14 16:51:15,806 INFO work1_realworld.py:92  :  [epcho][ 17]: loss is 271638.1014
2024-03-14 16:51:16,151 INFO work1_realworld.py:92  :  [epcho][ 18]: loss is 284274.9128
2024-03-14 16:51:16,543 INFO work1_realworld.py:92  :  [epcho][ 19]: loss is 291978.2017
